<?xml version="1.0" encoding="UTF-8"?>
<!-- Generated by org.testng.reporters.JUnitXMLReporter -->
<testsuite hostname="DESKTOP-2U8GKRP" ignored="0" name="Test" tests="5" failures="1" timestamp="2022-03-21T19:51:20 IST" time="111.549" errors="0">
  <testcase name="Scenario" time="24.076" classname="runner.Runner"/>
  <testcase name="Scenario" time="19.249" classname="runner.Runner"/>
  <testcase name="Scenario" time="24.223" classname="runner.Runner"/>
  <testcase name="Scenario" time="23.598" classname="runner.Runner">
    <failure type="java.lang.AssertionError" message="expected [Asian Paints (@asianpaints) • Instagram photos and videos] but found [Login • Instagram]">
      <![CDATA[java.lang.AssertionError: expected [Asian Paints (@asianpaints) • Instagram photos and videos] but found [Login • Instagram]
at presentTest.SocialMediaSteps.redirect_to_the_asian_paints_instagram_page(SocialMediaSteps.java:100)
at ✽.Redirect to the Asian Paints Instagram page(file:///D:/Users/SANTHOSH/CAPGEMINI/Internship%20Materials/module-3/java_assigments/AsianPaints/FeatureProgress/SocialMedia.feature:44)
... Removed 6 stack frames]]>
    </failure>
  </testcase> <!-- Scenario -->
  <testcase name="Scenario" time="19.814" classname="runner.Runner"/>
</testsuite> <!-- Test -->
